TN:
SF:/Users/elizabethrogers/Dropbox/websites/modules/elr-js-utilities/elr-time-utilities/src/main.js
FN:5,elrTimeUtilities
FN:6,today
FN:6,isLeapYear
FN:6,getDaysInYear
FN:6,getDaysInMonth
FN:6,getDayOfWeek
FN:6,getFirstDayOfMonth
FN:6,getWeeksInMonth
FN:6,getPrevYear
FN:6,getNextYear
FN:6,getPrevMonth
FN:6,getNextMonth
FN:6,getPrevDate
FN:6,getNextDate
FN:6,getYesterday
FN:6,getTomorrow
FN:6,getMonthNum
FN:6,getMonthByName
FN:555,(anonymous_19)
FN:560,(anonymous_20)
FN:6,getMonthName
FN:6,getDateNum
FN:6,getYearNum
FN:6,getTimeHours
FN:6,getTimeMinutes
FN:6,getTimeSeconds
FN:6,getDateByKeyword
FN:6,parseLongDate
FN:6,parseNumericDate
FN:6,parseDate
FN:6,parseTimeKeyword
FN:6,parseNumericTime
FN:6,parseTime
FN:6,parseDateTime
FN:6,get12Hours
FN:6,getDatesFromLastMonth
FN:6,getDatesFromLastYear
FN:6,getFirstWeekOfYear
FN:6,getDatesInFirstWeek
FN:6,getLastDatesInMonth
FN:6,getFirstDatesInMonth
FN:6,getDatesInLastWeek
FN:6,getDatesInMiddleWeek
FN:6,isFirstWeekOfMonth
FN:6,getFirstDateOfWeek
FN:6,getFirstDatesOfWeeks
FN:6,getMonthWeekNum
FN:1002,(anonymous_48)
FN:6,getDatesInWeek
FN:6,getLastWeekLength
FN:6,getDayShift
FN:6,getEventWeekNum
FN:6,getWeekNums
FN:1100,(anonymous_54)
FN:6,getWeekNumber
FNF:55
FNH:55
FNDA:1,elrTimeUtilities
FNDA:32,today
FNDA:4,isLeapYear
FNDA:2,getDaysInYear
FNDA:886,getDaysInMonth
FNDA:1921,getDayOfWeek
FNDA:946,getFirstDayOfMonth
FNDA:631,getWeeksInMonth
FNDA:4,getPrevYear
FNDA:1,getNextYear
FNDA:86,getPrevMonth
FNDA:479,getNextMonth
FNDA:17,getPrevDate
FNDA:15,getNextDate
FNDA:14,getYesterday
FNDA:13,getTomorrow
FNDA:40,getMonthNum
FNDA:29,getMonthByName
FNDA:348,(anonymous_19)
FNDA:348,(anonymous_20)
FNDA:38,getMonthName
FNDA:38,getDateNum
FNDA:38,getYearNum
FNDA:21,getTimeHours
FNDA:20,getTimeMinutes
FNDA:18,getTimeSeconds
FNDA:12,getDateByKeyword
FNDA:16,parseLongDate
FNDA:18,parseNumericDate
FNDA:27,parseDate
FNDA:12,parseTimeKeyword
FNDA:16,parseNumericTime
FNDA:19,parseTime
FNDA:9,parseDateTime
FNDA:4,get12Hours
FNDA:33,getDatesFromLastMonth
FNDA:14,getDatesFromLastYear
FNDA:18,getFirstWeekOfYear
FNDA:39,getDatesInFirstWeek
FNDA:12,getLastDatesInMonth
FNDA:168,getFirstDatesInMonth
FNDA:12,getDatesInLastWeek
FNDA:13,getDatesInMiddleWeek
FNDA:152,isFirstWeekOfMonth
FNDA:175,getFirstDateOfWeek
FNDA:32,getFirstDatesOfWeeks
FNDA:26,getMonthWeekNum
FNDA:138,(anonymous_48)
FNDA:20,getDatesInWeek
FNDA:8,getLastWeekLength
FNDA:2,getDayShift
FNDA:6,getEventWeekNum
FNDA:48,getWeekNums
FNDA:576,(anonymous_54)
FNDA:11,getWeekNumber
DA:1,1
DA:2,1
DA:3,1
DA:5,1
DA:6,1
DA:9,32
DA:413,4
DA:414,2
DA:417,2
DA:420,2
DA:421,1
DA:424,1
DA:427,886
DA:430,1921
DA:433,946
DA:440,631
DA:441,631
DA:442,631
DA:444,631
DA:448,4
DA:452,1
DA:456,86
DA:457,14
DA:460,72
DA:464,479
DA:465,228
DA:468,251
DA:471,17
DA:472,17
DA:479,17
DA:480,5
DA:483,12
DA:486,15
DA:488,15
DA:489,7
DA:492,8
DA:496,14
DA:498,14
DA:499,3
DA:501,11
DA:505,14
DA:508,14
DA:509,3
DA:511,11
DA:514,14
DA:518,13
DA:519,13
DA:521,13
DA:522,6
DA:524,7
DA:527,13
DA:529,13
DA:530,3
DA:532,10
DA:535,13
DA:538,40
DA:540,40
DA:541,21
DA:544,19
DA:547,29
DA:548,29
DA:551,29
DA:552,29
DA:555,29
DA:556,348
DA:560,29
DA:561,348
DA:564,29
DA:565,28
DA:566,1
DA:567,1
DA:569,0
DA:572,38
DA:573,38
DA:574,38
DA:576,38
DA:577,19
DA:579,19
DA:580,19
DA:583,38
DA:584,1
DA:586,37
DA:590,38
DA:592,38
DA:593,0
DA:594,38
DA:595,38
DA:596,0
DA:597,0
DA:599,0
DA:603,38
DA:605,38
DA:608,21
DA:609,21
DA:611,21
DA:612,4
DA:614,17
DA:617,21
DA:618,2
DA:619,19
DA:620,6
DA:622,13
DA:626,20
DA:628,20
DA:631,18
DA:633,18
DA:634,18
DA:637,0
DA:639,12
DA:640,12
DA:641,12
DA:643,12
DA:644,6
DA:645,6
DA:646,3
DA:651,3
DA:652,3
DA:656,16
DA:663,18
DA:665,18
DA:673,27
DA:674,3
DA:675,24
DA:676,13
DA:677,11
DA:678,9
DA:681,2
DA:684,12
DA:686,12
DA:687,6
DA:692,6
DA:693,6
DA:701,16
DA:703,16
DA:710,19
DA:711,6
DA:712,13
DA:713,12
DA:716,1
DA:719,9
DA:720,9
DA:721,9
DA:723,9
DA:725,9
DA:726,6
DA:727,3
DA:728,1
DA:729,2
DA:730,2
DA:732,0
DA:737,4
DA:738,4
DA:740,4
DA:741,1
DA:742,3
DA:743,1
DA:745,2
DA:748,33
DA:749,33
DA:750,33
DA:753,33
DA:754,31
DA:755,31
DA:760,31
DA:762,31
DA:763,116
DA:764,116
DA:770,116
DA:773,31
DA:774,31
DA:777,2
DA:780,14
DA:781,14
DA:783,14
DA:785,12
DA:787,12
DA:788,60
DA:794,60
DA:798,14
DA:801,18
DA:802,18
DA:804,18
DA:805,10
DA:807,10
DA:810,10
DA:812,10
DA:813,20
DA:819,8
DA:821,6
DA:822,42
DA:830,18
DA:833,39
DA:834,39
DA:837,39
DA:838,12
DA:842,27
DA:843,27
DA:845,27
DA:847,27
DA:848,91
DA:855,27
DA:859,12
DA:860,12
DA:865,12
DA:866,12
DA:867,12
DA:868,12
DA:870,12
DA:871,42
DA:877,42
DA:880,12
DA:884,168
DA:887,168
DA:888,135
DA:889,135
DA:894,135
DA:895,135
DA:897,135
DA:898,471
DA:904,471
DA:908,33
DA:913,33
DA:914,33
DA:916,33
DA:917,104
DA:923,104
DA:927,168
DA:932,12
DA:936,13
DA:937,13
DA:938,13
DA:939,13
DA:941,13
DA:942,91
DA:949,13
DA:952,152
DA:954,152
DA:955,31
DA:958,121
DA:961,175
DA:962,175
DA:966,175
DA:967,26
DA:969,149
DA:970,30
DA:972,119
DA:980,32
DA:981,32
DA:982,32
DA:984,32
DA:985,170
DA:991,170
DA:994,32
DA:997,26
DA:998,26
DA:999,26
DA:1000,26
DA:1002,26
DA:1003,138
DA:1004,6
DA:1005,132
DA:1006,27
DA:1009,138
DA:1012,26
DA:1015,20
DA:1016,20
DA:1017,20
DA:1018,20
DA:1020,20
DA:1025,20
DA:1026,5
DA:1027,15
DA:1028,4
DA:1030,11
DA:1033,20
DA:1037,8
DA:1043,8
DA:1046,2
DA:1047,0
DA:1050,2
DA:1053,6
DA:1056,6
DA:1062,6
DA:1063,6
DA:1064,6
DA:1065,6
DA:1066,6
DA:1068,6
DA:1070,2
DA:1071,2
DA:1074,0
DA:1077,4
DA:1079,1
DA:1080,0
DA:1083,1
DA:1087,3
DA:1088,1
DA:1091,2
DA:1096,48
DA:1097,48
DA:1098,48
DA:1100,48
DA:1101,576
DA:1107,576
DA:1108,576
DA:1110,576
DA:1111,3001
DA:1112,268
DA:1113,28
DA:1114,240
DA:1115,20
DA:1116,220
DA:1117,28
DA:1119,192
DA:1122,2733
DA:1123,457
DA:1125,2276
DA:1131,3001
DA:1132,248
DA:1136,576
DA:1137,48
DA:1141,48
DA:1144,11
DA:1145,11
DA:1146,11
DA:1150,1
LF:326
LH:316
BRDA:413,0,0,2
BRDA:413,0,1,2
BRDA:413,1,0,4
BRDA:413,1,1,2
BRDA:413,1,2,3
BRDA:420,2,0,1
BRDA:420,2,1,1
BRDA:442,3,0,0
BRDA:442,3,1,631
BRDA:456,4,0,14
BRDA:456,4,1,72
BRDA:464,5,0,228
BRDA:464,5,1,251
BRDA:479,6,0,5
BRDA:479,6,1,12
BRDA:488,7,0,7
BRDA:488,7,1,8
BRDA:498,8,0,3
BRDA:498,8,1,11
BRDA:508,9,0,3
BRDA:508,9,1,11
BRDA:508,10,0,14
BRDA:508,10,1,3
BRDA:521,11,0,6
BRDA:521,11,1,7
BRDA:529,12,0,3
BRDA:529,12,1,10
BRDA:529,13,0,13
BRDA:529,13,1,10
BRDA:540,14,0,21
BRDA:540,14,1,19
BRDA:564,15,0,28
BRDA:564,15,1,1
BRDA:566,16,0,1
BRDA:566,16,1,0
BRDA:572,17,0,1
BRDA:572,17,1,37
BRDA:572,18,0,38
BRDA:572,18,1,1
BRDA:576,19,0,19
BRDA:576,19,1,19
BRDA:583,20,0,1
BRDA:583,20,1,37
BRDA:592,21,0,0
BRDA:592,21,1,38
BRDA:594,22,0,38
BRDA:594,22,1,0
BRDA:596,23,0,0
BRDA:596,23,1,0
BRDA:611,24,0,4
BRDA:611,24,1,17
BRDA:617,25,0,2
BRDA:617,25,1,19
BRDA:617,26,0,21
BRDA:617,26,1,13
BRDA:619,27,0,6
BRDA:619,27,1,13
BRDA:619,28,0,19
BRDA:619,28,1,8
BRDA:633,29,0,18
BRDA:633,29,1,0
BRDA:639,30,0,12
BRDA:639,30,1,0
BRDA:639,31,0,12
BRDA:639,31,1,12
BRDA:643,32,0,6
BRDA:643,32,1,6
BRDA:645,33,0,3
BRDA:645,33,1,3
BRDA:651,34,0,3
BRDA:651,34,1,0
BRDA:673,35,0,3
BRDA:673,35,1,24
BRDA:675,36,0,13
BRDA:675,36,1,11
BRDA:677,37,0,9
BRDA:677,37,1,2
BRDA:686,38,0,6
BRDA:686,38,1,6
BRDA:692,39,0,6
BRDA:692,39,1,0
BRDA:710,40,0,6
BRDA:710,40,1,13
BRDA:712,41,0,12
BRDA:712,41,1,1
BRDA:723,42,0,7
BRDA:723,42,1,2
BRDA:725,43,0,6
BRDA:725,43,1,3
BRDA:725,44,0,9
BRDA:725,44,1,7
BRDA:727,45,0,1
BRDA:727,45,1,2
BRDA:727,46,0,3
BRDA:727,46,1,1
BRDA:729,47,0,2
BRDA:729,47,1,0
BRDA:729,48,0,2
BRDA:729,48,1,2
BRDA:740,49,0,1
BRDA:740,49,1,3
BRDA:742,50,0,1
BRDA:742,50,1,2
BRDA:748,51,0,0
BRDA:748,51,1,33
BRDA:748,52,0,33
BRDA:748,52,1,0
BRDA:753,53,0,31
BRDA:753,53,1,2
BRDA:763,54,0,10
BRDA:763,54,1,106
BRDA:783,55,0,12
BRDA:783,55,1,2
BRDA:804,56,0,10
BRDA:804,56,1,8
BRDA:804,57,0,18
BRDA:804,57,1,16
BRDA:819,58,0,6
BRDA:819,58,1,2
BRDA:837,59,0,12
BRDA:837,59,1,27
BRDA:842,60,0,0
BRDA:842,60,1,27
BRDA:887,61,0,135
BRDA:887,61,1,33
BRDA:888,62,0,86
BRDA:888,62,1,49
BRDA:954,63,0,31
BRDA:954,63,1,121
BRDA:954,64,0,152
BRDA:954,64,1,110
BRDA:966,65,0,26
BRDA:966,65,1,149
BRDA:969,66,0,30
BRDA:969,66,1,119
BRDA:1003,67,0,6
BRDA:1003,67,1,132
BRDA:1003,68,0,138
BRDA:1003,68,1,31
BRDA:1005,69,0,27
BRDA:1005,69,1,105
BRDA:1005,70,0,132
BRDA:1005,70,1,58
BRDA:1025,71,0,5
BRDA:1025,71,1,15
BRDA:1027,72,0,4
BRDA:1027,72,1,11
BRDA:1046,73,0,0
BRDA:1046,73,1,2
BRDA:1053,74,0,1
BRDA:1053,74,1,5
BRDA:1053,75,0,6
BRDA:1053,75,1,1
BRDA:1068,76,0,2
BRDA:1068,76,1,4
BRDA:1070,77,0,2
BRDA:1070,77,1,0
BRDA:1077,78,0,1
BRDA:1077,78,1,3
BRDA:1079,79,0,0
BRDA:1079,79,1,1
BRDA:1087,80,0,1
BRDA:1087,80,1,2
BRDA:1111,81,0,268
BRDA:1111,81,1,2733
BRDA:1112,82,0,28
BRDA:1112,82,1,240
BRDA:1112,83,0,268
BRDA:1112,83,1,48
BRDA:1114,84,0,20
BRDA:1114,84,1,220
BRDA:1116,85,0,28
BRDA:1116,85,1,192
BRDA:1122,86,0,457
BRDA:1122,86,1,2276
BRDA:1122,87,0,2733
BRDA:1122,87,1,528
BRDA:1131,88,0,248
BRDA:1131,88,1,2753
BRDA:1136,89,0,48
BRDA:1136,89,1,528
BRF:181
BRH:164
end_of_record
